[0.012s] Invoking command in '/home/ziko/ros2_ws/build/eva_planning': CMAKE_PREFIX_PATH=${CMAKE_PREFIX_PATH}:/opt/ros/humble /usr/bin/cmake /home/ziko/ros2_ws/src/eva_planning -DCMAKE_INSTALL_PREFIX=/home/ziko/ros2_ws/install/eva_planning
[0.112s] -- The C compiler identification is GNU 11.4.0
[0.187s] -- The CXX compiler identification is GNU 11.4.0
[0.196s] -- Detecting C compiler ABI info
[0.286s] -- Detecting C compiler ABI info - done
[0.296s] -- Check for working C compiler: /usr/bin/cc - skipped
[0.296s] -- Detecting C compile features
[0.296s] -- Detecting C compile features - done
[0.300s] -- Detecting CXX compiler ABI info
[0.400s] -- Detecting CXX compiler ABI info - done
[0.412s] -- Check for working CXX compiler: /usr/bin/c++ - skipped
[0.412s] -- Detecting CXX compile features
[0.413s] -- Detecting CXX compile features - done
[0.418s] -- Found ament_cmake: 1.3.12 (/opt/ros/humble/share/ament_cmake/cmake)
[0.608s] -- Found Python3: /usr/bin/python3 (found version "3.10.12") found components: Interpreter 
[0.710s] -- Found rclcpp: 16.0.16 (/opt/ros/humble/share/rclcpp/cmake)
[0.755s] -- Found rosidl_generator_c: 3.1.7 (/opt/ros/humble/share/rosidl_generator_c/cmake)
[0.761s] -- Found rosidl_adapter: 3.1.7 (/opt/ros/humble/share/rosidl_adapter/cmake)
[0.770s] -- Found rosidl_generator_cpp: 3.1.7 (/opt/ros/humble/share/rosidl_generator_cpp/cmake)
[0.783s] -- Using all available rosidl_typesupport_c: rosidl_typesupport_fastrtps_c;rosidl_typesupport_introspection_c
[0.800s] -- Using all available rosidl_typesupport_cpp: rosidl_typesupport_fastrtps_cpp;rosidl_typesupport_introspection_cpp
[0.845s] -- Found rmw_implementation_cmake: 6.1.2 (/opt/ros/humble/share/rmw_implementation_cmake/cmake)
[0.848s] -- Found rmw_fastrtps_cpp: 6.2.9 (/opt/ros/humble/share/rmw_fastrtps_cpp/cmake)
[0.951s] -- Found OpenSSL: /usr/lib/x86_64-linux-gnu/libcrypto.so (found version "3.0.2")  
[0.985s] -- Found FastRTPS: /opt/ros/humble/include  
[1.031s] -- Using RMW implementation 'rmw_fastrtps_cpp' as default
[1.040s] -- Looking for pthread.h
[1.127s] -- Looking for pthread.h - found
[1.127s] -- Performing Test CMAKE_HAVE_LIBC_PTHREAD
[1.227s] -- Performing Test CMAKE_HAVE_LIBC_PTHREAD - Success
[1.229s] -- Found Threads: TRUE  
[1.288s] -- Found nav_msgs: 4.9.0 (/opt/ros/humble/share/nav_msgs/cmake)
[1.321s] -- Found sensor_msgs: 4.9.0 (/opt/ros/humble/share/sensor_msgs/cmake)
[1.341s] -- Found visualization_msgs: 4.9.0 (/opt/ros/humble/share/visualization_msgs/cmake)
[1.373s] -- Found tf2: 0.25.17 (/opt/ros/humble/share/tf2/cmake)
[1.388s] -- Found tf2_geometry_msgs: 0.25.17 (/opt/ros/humble/share/tf2_geometry_msgs/cmake)
[1.402s] -- Found eigen3_cmake_module: 0.1.1 (/opt/ros/humble/share/eigen3_cmake_module/cmake)
[1.403s] -- Found Eigen3: TRUE (found version "3.4.0") 
[1.403s] -- Ensuring Eigen3 include directory is part of orocos-kdl CMake target
[1.614s] -- Found CURL: /usr/lib/x86_64-linux-gnu/libcurl.so (found version "7.81.0")  
[1.619s] -- Found nlohmann_json: /usr/lib/cmake/nlohmann_json/nlohmann_jsonConfig.cmake (found version "3.10.5") 
[1.701s] -- Configuring done
[1.717s] -- Generating done
[1.722s] -- Build files have been written to: /home/ziko/ros2_ws/build/eva_planning
[1.735s] Invoked command in '/home/ziko/ros2_ws/build/eva_planning' returned '0': CMAKE_PREFIX_PATH=${CMAKE_PREFIX_PATH}:/opt/ros/humble /usr/bin/cmake /home/ziko/ros2_ws/src/eva_planning -DCMAKE_INSTALL_PREFIX=/home/ziko/ros2_ws/install/eva_planning
[1.738s] Invoking command in '/home/ziko/ros2_ws/build/eva_planning': CMAKE_PREFIX_PATH=${CMAKE_PREFIX_PATH}:/opt/ros/humble /usr/bin/cmake --build /home/ziko/ros2_ws/build/eva_planning -- -j12 -l12
[1.806s] [ 25%] [32mBuilding CXX object CMakeFiles/cubic_spline_planner.dir/src/cubic_spline_planner.cpp.o[0m
[2.103s] [01m[K/home/ziko/ros2_ws/src/eva_planning/src/cubic_spline_planner.cpp:[m[K In member function â€˜[01m[Kstd::vector<eva_planning::Point2D> eva_planning::CubicSplinePlanner::generateLocalTrajectory(const eva_planning::Point2D&, double, const std::vector<eva_planning::Point2D>&, const std::vector<eva_planning::Obstacle>&)[m[Kâ€™:
[2.103s] [01m[K/home/ziko/ros2_ws/src/eva_planning/src/cubic_spline_planner.cpp:105:40:[m[K [01;35m[Kwarning: [m[Kunused parameter â€˜[01m[Kcurrent_heading[m[Kâ€™ [[01;35m[K]8;;https://gcc.gnu.org/onlinedocs/gcc/Warning-Options.html#index-Wunused-parameter-Wunused-parameter]8;;[m[K]
[2.103s]   105 |     const Point2D& current_pos, [01;35m[Kdouble current_heading[m[K,
[2.103s]       |                                 [01;35m[K~~~~~~~^~~~~~~~~~~~~~~[m[K
[2.341s] [ 50%] [32m[1mLinking CXX static library libcubic_spline_planner.a[0m
[2.510s] [ 50%] Built target cubic_spline_planner
[2.538s] [ 75%] [32mBuilding CXX object CMakeFiles/eva_planning_node.dir/src/eva_planning_node.cpp.o[0m
[6.043s] [01m[K/home/ziko/ros2_ws/src/eva_planning/src/eva_planning_node.cpp:[m[K In constructor â€˜[01m[KEVAPlanningNode::EVAPlanningNode()[m[Kâ€™:
[6.043s] [01m[K/home/ziko/ros2_ws/src/eva_planning/src/eva_planning_node.cpp:68:41:[m[K [01;31m[Kerror: [m[Kâ€˜[01m[KmapCallback[m[Kâ€™ is not a member of â€˜[01m[KEVAPlanningNode[m[Kâ€™
[6.043s]    68 |             std::bind(&EVAPlanningNode::[01;31m[KmapCallback[m[K, this, std::placeholders::_1));
[6.043s]       |                                         [01;31m[K^~~~~~~~~~~[m[K
[6.055s] [01m[K/home/ziko/ros2_ws/src/eva_planning/src/eva_planning_node.cpp:32:16:[m[K [01;35m[Kwarning: [m[Kunused variable â€˜[01m[Kmap_res[m[Kâ€™ [[01;35m[K]8;;https://gcc.gnu.org/onlinedocs/gcc/Warning-Options.html#index-Wunused-variable-Wunused-variable]8;;[m[K]
[6.055s]    32 |         double [01;35m[Kmap_res[m[K = this->get_parameter("map_resolution").as_double();
[6.055s]       |                [01;35m[K^~~~~~~[m[K
[6.055s] [01m[K/home/ziko/ros2_ws/src/eva_planning/src/eva_planning_node.cpp:33:16:[m[K [01;35m[Kwarning: [m[Kunused variable â€˜[01m[Krobot_radius[m[Kâ€™ [[01;35m[K]8;;https://gcc.gnu.org/onlinedocs/gcc/Warning-Options.html#index-Wunused-variable-Wunused-variable]8;;[m[K]
[6.055s]    33 |         double [01;35m[Krobot_radius[m[K = this->get_parameter("robot_radius").as_double();
[6.056s]       |                [01;35m[K^~~~~~~~~~~~[m[K
[11.625s] gmake[2]: *** [CMakeFiles/eva_planning_node.dir/build.make:76: CMakeFiles/eva_planning_node.dir/src/eva_planning_node.cpp.o] Error 1
[11.625s] gmake[1]: *** [CMakeFiles/Makefile2:165: CMakeFiles/eva_planning_node.dir/all] Error 2
[11.625s] gmake: *** [Makefile:146: all] Error 2
[11.628s] Invoked command in '/home/ziko/ros2_ws/build/eva_planning' returned '2': CMAKE_PREFIX_PATH=${CMAKE_PREFIX_PATH}:/opt/ros/humble /usr/bin/cmake --build /home/ziko/ros2_ws/build/eva_planning -- -j12 -l12
