-- Found ament_cmake: 1.3.12 (/opt/ros/humble/share/ament_cmake/cmake)
-- Override CMake install command with custom implementation using symlinks instead of copying resources
-- Found rclcpp: 16.0.16 (/opt/ros/humble/share/rclcpp/cmake)
-- Found rosidl_generator_c: 3.1.7 (/opt/ros/humble/share/rosidl_generator_c/cmake)
-- Found rosidl_adapter: 3.1.7 (/opt/ros/humble/share/rosidl_adapter/cmake)
-- Found rosidl_generator_cpp: 3.1.7 (/opt/ros/humble/share/rosidl_generator_cpp/cmake)
-- Using all available rosidl_typesupport_c: rosidl_typesupport_fastrtps_c;rosidl_typesupport_introspection_c
-- Using all available rosidl_typesupport_cpp: rosidl_typesupport_fastrtps_cpp;rosidl_typesupport_introspection_cpp
-- Found rmw_implementation_cmake: 6.1.2 (/opt/ros/humble/share/rmw_implementation_cmake/cmake)
-- Found rmw_fastrtps_cpp: 6.2.9 (/opt/ros/humble/share/rmw_fastrtps_cpp/cmake)
-- Using RMW implementation 'rmw_fastrtps_cpp' as default
-- Found nav_msgs: 4.9.0 (/opt/ros/humble/share/nav_msgs/cmake)
-- Found sensor_msgs: 4.9.0 (/opt/ros/humble/share/sensor_msgs/cmake)
-- Found visualization_msgs: 4.9.0 (/opt/ros/humble/share/visualization_msgs/cmake)
-- Found tf2: 0.25.17 (/opt/ros/humble/share/tf2/cmake)
-- Found tf2_geometry_msgs: 0.25.17 (/opt/ros/humble/share/tf2_geometry_msgs/cmake)
-- Found eigen3_cmake_module: 0.1.1 (/opt/ros/humble/share/eigen3_cmake_module/cmake)
-- Ensuring Eigen3 include directory is part of orocos-kdl CMake target
-- Configuring done
-- Generating done
-- Build files have been written to: /home/ziko/ros2_ws/build/eva_planning
[35m[1mConsolidate compiler generated dependencies of target cubic_spline_planner[0m
[ 50%] Built target cubic_spline_planner
[35m[1mConsolidate compiler generated dependencies of target eva_planning_node[0m
[ 75%] [32mBuilding CXX object CMakeFiles/eva_planning_node.dir/src/eva_planning_node.cpp.o[0m
[01m[K/home/ziko/ros2_ws/src/eva_planning/src/eva_planning_node.cpp:251:7:[m[K [01;31m[Kerror: [m[Kredefinition of â€˜[01m[Kclass EVAPlanningNode[m[Kâ€™
  251 | class [01;31m[KEVAPlanningNode[m[K {
      |       [01;31m[K^~~~~~~~~~~~~~~[m[K
[01m[K/home/ziko/ros2_ws/src/eva_planning/src/eva_planning_node.cpp:21:7:[m[K [01;36m[Knote: [m[Kprevious definition of â€˜[01m[Kclass EVAPlanningNode[m[Kâ€™
   21 | class [01;36m[KEVAPlanningNode[m[K : public rclcpp::Node {
      |       [01;36m[K^~~~~~~~~~~~~~~[m[K
gmake[2]: *** [CMakeFiles/eva_planning_node.dir/build.make:76: CMakeFiles/eva_planning_node.dir/src/eva_planning_node.cpp.o] Error 1
gmake[1]: *** [CMakeFiles/Makefile2:165: CMakeFiles/eva_planning_node.dir/all] Error 2
gmake: *** [Makefile:146: all] Error 2
