[0.012s] Invoking command in '/home/ziko/ros2_ws/build/eva_planning': CMAKE_PREFIX_PATH=/opt/ros/humble /usr/bin/cmake /home/ziko/ros2_ws/src/eva_planning -DAMENT_CMAKE_SYMLINK_INSTALL=1 -DCMAKE_INSTALL_PREFIX=/home/ziko/ros2_ws/install/eva_planning
[0.037s] -- Found ament_cmake: 1.3.12 (/opt/ros/humble/share/ament_cmake/cmake)
[0.146s] -- Override CMake install command with custom implementation using symlinks instead of copying resources
[0.161s] -- Found rclcpp: 16.0.16 (/opt/ros/humble/share/rclcpp/cmake)
[0.190s] -- Found rosidl_generator_c: 3.1.7 (/opt/ros/humble/share/rosidl_generator_c/cmake)
[0.193s] -- Found rosidl_adapter: 3.1.7 (/opt/ros/humble/share/rosidl_adapter/cmake)
[0.198s] -- Found rosidl_generator_cpp: 3.1.7 (/opt/ros/humble/share/rosidl_generator_cpp/cmake)
[0.208s] -- Using all available rosidl_typesupport_c: rosidl_typesupport_fastrtps_c;rosidl_typesupport_introspection_c
[0.220s] -- Using all available rosidl_typesupport_cpp: rosidl_typesupport_fastrtps_cpp;rosidl_typesupport_introspection_cpp
[0.262s] -- Found rmw_implementation_cmake: 6.1.2 (/opt/ros/humble/share/rmw_implementation_cmake/cmake)
[0.264s] -- Found rmw_fastrtps_cpp: 6.2.9 (/opt/ros/humble/share/rmw_fastrtps_cpp/cmake)
[0.354s] -- Using RMW implementation 'rmw_fastrtps_cpp' as default
[0.399s] -- Found nav_msgs: 4.9.0 (/opt/ros/humble/share/nav_msgs/cmake)
[0.426s] -- Found sensor_msgs: 4.9.0 (/opt/ros/humble/share/sensor_msgs/cmake)
[0.443s] -- Found visualization_msgs: 4.9.0 (/opt/ros/humble/share/visualization_msgs/cmake)
[0.461s] -- Found tf2: 0.25.17 (/opt/ros/humble/share/tf2/cmake)
[0.467s] -- Found tf2_geometry_msgs: 0.25.17 (/opt/ros/humble/share/tf2_geometry_msgs/cmake)
[0.472s] -- Found eigen3_cmake_module: 0.1.1 (/opt/ros/humble/share/eigen3_cmake_module/cmake)
[0.475s] -- Ensuring Eigen3 include directory is part of orocos-kdl CMake target
[0.661s] -- Configuring done
[0.673s] -- Generating done
[0.676s] -- Build files have been written to: /home/ziko/ros2_ws/build/eva_planning
[0.685s] Invoked command in '/home/ziko/ros2_ws/build/eva_planning' returned '0': CMAKE_PREFIX_PATH=/opt/ros/humble /usr/bin/cmake /home/ziko/ros2_ws/src/eva_planning -DAMENT_CMAKE_SYMLINK_INSTALL=1 -DCMAKE_INSTALL_PREFIX=/home/ziko/ros2_ws/install/eva_planning
[0.686s] Invoking command in '/home/ziko/ros2_ws/build/eva_planning': CMAKE_PREFIX_PATH=/opt/ros/humble /usr/bin/cmake --build /home/ziko/ros2_ws/build/eva_planning -- -j12 -l12
[0.721s] [35m[1mConsolidate compiler generated dependencies of target cubic_spline_planner[0m
[0.734s] [ 50%] Built target cubic_spline_planner
[0.743s] [35m[1mConsolidate compiler generated dependencies of target eva_planning_node[0m
[0.771s] [ 75%] [32mBuilding CXX object CMakeFiles/eva_planning_node.dir/src/eva_planning_node.cpp.o[0m
[3.068s] [01m[K/home/ziko/ros2_ws/src/eva_planning/src/eva_planning_node.cpp:251:7:[m[K [01;31m[Kerror: [m[Kredefinition of â€˜[01m[Kclass EVAPlanningNode[m[Kâ€™
[3.068s]   251 | class [01;31m[KEVAPlanningNode[m[K {
[3.068s]       |       [01;31m[K^~~~~~~~~~~~~~~[m[K
[3.068s] [01m[K/home/ziko/ros2_ws/src/eva_planning/src/eva_planning_node.cpp:21:7:[m[K [01;36m[Knote: [m[Kprevious definition of â€˜[01m[Kclass EVAPlanningNode[m[Kâ€™
[3.068s]    21 | class [01;36m[KEVAPlanningNode[m[K : public rclcpp::Node {
[3.068s]       |       [01;36m[K^~~~~~~~~~~~~~~[m[K
[6.644s] gmake[2]: *** [CMakeFiles/eva_planning_node.dir/build.make:76: CMakeFiles/eva_planning_node.dir/src/eva_planning_node.cpp.o] Error 1
[6.644s] gmake[1]: *** [CMakeFiles/Makefile2:165: CMakeFiles/eva_planning_node.dir/all] Error 2
[6.644s] gmake: *** [Makefile:146: all] Error 2
[6.647s] Invoked command in '/home/ziko/ros2_ws/build/eva_planning' returned '2': CMAKE_PREFIX_PATH=/opt/ros/humble /usr/bin/cmake --build /home/ziko/ros2_ws/build/eva_planning -- -j12 -l12
